<?xml version="1.0" encoding="UTF-8"?>
<testsuite xmlns:xsi="http://www.w3.org/2001/XMLSchema-instance" xsi:noNamespaceSchemaLocation="https://maven.apache.org/surefire/maven-surefire-plugin/xsd/surefire-test-report-3.0.xsd" version="3.0" name="KeyIndexedSortTest" time="0.091" tests="4" errors="2" skipped="0" failures="0">
  <properties>
[...]
</properties>
  <testcase name="testEmptyArray" classname="KeyIndexedSortTest" time="0.029"/>
  <testcase name="testEqualCharacters" classname="KeyIndexedSortTest" time="0.009">
    <error message="Index 3 out of bounds for length 3" type="java.lang.ArrayIndexOutOfBoundsException"><![CDATA[java.lang.ArrayIndexOutOfBoundsException: Index 3 out of bounds for length 3
	at KeyIndexedSort.sortByPosition(KeyIndexedSort.java:37)
	at KeyIndexedSortTest.testEqualCharacters(KeyIndexedSortTest.java:38)
	at java.base/java.lang.reflect.Method.invoke(Method.java:580)
	at java.base/java.util.ArrayList.forEach(ArrayList.java:1596)
	at java.base/java.util.ArrayList.forEach(ArrayList.java:1596)
]]></error>
  </testcase>
  <testcase name="testSortByPositionBasic" classname="KeyIndexedSortTest" time="0.008">
    <error message="Index 4 out of bounds for length 4" type="java.lang.ArrayIndexOutOfBoundsException"><![CDATA[java.lang.ArrayIndexOutOfBoundsException: Index 4 out of bounds for length 4
	at KeyIndexedSort.sortByPosition(KeyIndexedSort.java:37)
	at KeyIndexedSortTest.testSortByPositionBasic(KeyIndexedSortTest.java:12)
	at java.base/java.lang.reflect.Method.invoke(Method.java:580)
	at java.base/java.util.ArrayList.forEach(ArrayList.java:1596)
	at java.base/java.util.ArrayList.forEach(ArrayList.java:1596)
]]></error>
  </testcase>
  <testcase name="testSingleElementArray" classname="KeyIndexedSortTest" time="0.002"/>
</testsuite>